--- Starting Sync Run: Tue Nov  4 12:52:15 CET 2025 ---
--- SKIPPING: Backup directory detected: /Users/dennishmathes/Documents/MyWebsiteGIT/weather-dashboard.BKUP
--- PROCESSING REPO: dennyrgood.github.io (Tue Nov  4 12:52:22 CET 2025) ---
-> Staging all changes...
-> Pulling changes...
Already up to date.
-> Pushing changes...
Everything up-to-date
--- PROCESSING REPO: excel-web-interface (Tue Nov  4 12:52:23 CET 2025) ---
-> Staging all changes...
-> Pulling changes...
Already up to date.
-> Pushing changes...
Everything up-to-date
--- PROCESSING REPO: weather-dashboard (Tue Nov  4 12:52:25 CET 2025) ---
-> Staging all changes...
-> Pulling changes...
Already up to date.
-> Pushing changes...
Everything up-to-date
--- PROCESSING REPO: USDZ_AVP (Tue Nov  4 12:52:26 CET 2025) ---
-> Staging all changes...
-> Pulling changes...
Already up to date.
-> Pushing changes...
Everything up-to-date
--- PROCESSING REPO: Scripts (Tue Nov  4 12:52:28 CET 2025) ---
-> Staging all changes...
